<?xml version="1.0" encoding="UTF-8"?>
<testsuite xmlns:xsi="http://www.w3.org/2001/XMLSchema-instance" xsi:noNamespaceSchemaLocation="https://maven.apache.org/surefire/maven-surefire-plugin/xsd/surefire-test-report.xsd" name="br.upe.ResultadoMegasenaTest" time="1.229" tests="1" errors="1" skipped="0" failures="0">
  <properties>
    <property name="java.specification.version" value="17"/>
    <property name="sun.cpu.isalist" value="amd64"/>
    <property name="sun.jnu.encoding" value="Cp1252"/>
    <property name="java.class.path" value="d:\quare\Gabriel\Faculdade\POO\codigo\desafio_megasena\mavenbasico\target\test-classes;d:\quare\Gabriel\Faculdade\POO\codigo\desafio_megasena\mavenbasico\target\classes;C:\Users\quare\.m2\repository\junit\junit\4.11\junit-4.11.jar;C:\Users\quare\.m2\repository\org\hamcrest\hamcrest-core\1.3\hamcrest-core-1.3.jar;C:\Users\quare\.m2\repository\org\apache\httpcomponents\httpclient\4.5.8\httpclient-4.5.8.jar;C:\Users\quare\.m2\repository\org\apache\httpcomponents\httpcore\4.4.11\httpcore-4.4.11.jar;C:\Users\quare\.m2\repository\commons-logging\commons-logging\1.2\commons-logging-1.2.jar;C:\Users\quare\.m2\repository\commons-codec\commons-codec\1.11\commons-codec-1.11.jar;"/>
    <property name="java.vm.vendor" value="Oracle Corporation"/>
    <property name="sun.arch.data.model" value="64"/>
    <property name="user.variant" value=""/>
    <property name="java.vendor.url" value="https://java.oracle.com/"/>
    <property name="user.timezone" value="America/Sao_Paulo"/>
    <property name="os.name" value="Windows 10"/>
    <property name="java.vm.specification.version" value="17"/>
    <property name="sun.java.launcher" value="SUN_STANDARD"/>
    <property name="user.country" value="BR"/>
    <property name="sun.boot.library.path" value="C:\Program Files\Java\jdk-17.0.1\bin"/>
    <property name="sun.java.command" value="C:\Users\quare\AppData\Local\Temp\surefire6410270055710988811\surefirebooter7495438117851944759.jar C:\Users\quare\AppData\Local\Temp\surefire6410270055710988811 2021-10-22T17-38-52_708-jvmRun1 surefire16628680854395238847tmp surefire_015406923701792720468tmp"/>
    <property name="jdk.debug" value="release"/>
    <property name="surefire.test.class.path" value="d:\quare\Gabriel\Faculdade\POO\codigo\desafio_megasena\mavenbasico\target\test-classes;d:\quare\Gabriel\Faculdade\POO\codigo\desafio_megasena\mavenbasico\target\classes;C:\Users\quare\.m2\repository\junit\junit\4.11\junit-4.11.jar;C:\Users\quare\.m2\repository\org\hamcrest\hamcrest-core\1.3\hamcrest-core-1.3.jar;C:\Users\quare\.m2\repository\org\apache\httpcomponents\httpclient\4.5.8\httpclient-4.5.8.jar;C:\Users\quare\.m2\repository\org\apache\httpcomponents\httpcore\4.4.11\httpcore-4.4.11.jar;C:\Users\quare\.m2\repository\commons-logging\commons-logging\1.2\commons-logging-1.2.jar;C:\Users\quare\.m2\repository\commons-codec\commons-codec\1.11\commons-codec-1.11.jar;"/>
    <property name="sun.cpu.endian" value="little"/>
    <property name="user.home" value="C:\Users\quare"/>
    <property name="user.language" value="pt"/>
    <property name="java.specification.vendor" value="Oracle Corporation"/>
    <property name="java.version.date" value="2021-10-19"/>
    <property name="java.home" value="C:\Program Files\Java\jdk-17.0.1"/>
    <property name="file.separator" value="\"/>
    <property name="basedir" value="d:\quare\Gabriel\Faculdade\POO\codigo\desafio_megasena\mavenbasico"/>
    <property name="java.vm.compressedOopsMode" value="32-bit"/>
    <property name="line.separator" value="&#10;"/>
    <property name="java.vm.specification.vendor" value="Oracle Corporation"/>
    <property name="java.specification.name" value="Java Platform API Specification"/>
    <property name="surefire.real.class.path" value="C:\Users\quare\AppData\Local\Temp\surefire6410270055710988811\surefirebooter7495438117851944759.jar"/>
    <property name="user.script" value=""/>
    <property name="sun.management.compiler" value="HotSpot 64-Bit Tiered Compilers"/>
    <property name="java.runtime.version" value="17.0.1+12-LTS-39"/>
    <property name="user.name" value="quare"/>
    <property name="path.separator" value=";"/>
    <property name="os.version" value="10.0"/>
    <property name="java.runtime.name" value="Java(TM) SE Runtime Environment"/>
    <property name="file.encoding" value="Cp1252"/>
    <property name="java.vm.name" value="Java HotSpot(TM) 64-Bit Server VM"/>
    <property name="localRepository" value="C:\Users\quare\.m2\repository"/>
    <property name="java.vendor.url.bug" value="https://bugreport.java.com/bugreport/"/>
    <property name="java.io.tmpdir" value="C:\Users\quare\AppData\Local\Temp\"/>
    <property name="java.version" value="17.0.1"/>
    <property name="user.dir" value="d:\quare\Gabriel\Faculdade\POO\codigo\desafio_megasena\mavenbasico"/>
    <property name="os.arch" value="amd64"/>
    <property name="java.vm.specification.name" value="Java Virtual Machine Specification"/>
    <property name="sun.os.patch.level" value=""/>
    <property name="native.encoding" value="Cp1252"/>
    <property name="java.library.path" value="C:\Program Files\Java\jdk-17.0.1\bin;C:\Windows\Sun\Java\bin;C:\Windows\system32;C:\Windows;C:\Program Files\Common Files\Oracle\Java\javapath;C:\Windows\system32;C:\Windows;C:\Windows\System32\Wbem;C:\Windows\System32\WindowsPowerShell\v1.0\;C:\Windows\System32\OpenSSH\;C:\Program Files\Git\cmd;C:\Program Files\nodejs\;C:\ProgramData\chocolatey\bin;C:\Users\quare\AppData\Local\Programs\Python\Python39\Scripts\;C:\Users\quare\AppData\Local\Programs\Python\Python39\;C:\Users\quare\AppData\Local\Microsoft\WindowsApps;C:\Users\quare\AppData\Local\Programs\Microsoft VS Code\bin;C:\Users\quare\AppData\Roaming\npm;C:\Program Files\Java\jdk-17.0.1\bin;D:\apache-maven-3.8.3\bin;;."/>
    <property name="java.vm.info" value="mixed mode, sharing"/>
    <property name="java.vendor" value="Oracle Corporation"/>
    <property name="java.vm.version" value="17.0.1+12-LTS-39"/>
    <property name="sun.io.unicode.encoding" value="UnicodeLittle"/>
    <property name="java.class.version" value="61.0"/>
  </properties>
  <testcase name="testObtemUltimoResultado" classname="br.upe.ResultadoMegasenaTest" time="1.155">
    <error message="Um erro inesperado ocorreu." type="java.lang.RuntimeException">java.lang.RuntimeException: Um erro inesperado ocorreu.
	at br.upe.ResultadoMegasenaTest.testObtemUltimoResultado(ResultadoMegasenaTest.java:17)
Caused by: org.apache.http.client.HttpResponseException: status code: 400, reason phrase: Bad Request
	at br.upe.ResultadoMegasenaTest.testObtemUltimoResultado(ResultadoMegasenaTest.java:17)
</error>
  </testcase>
</testsuite>